Arguments: 
  /usr/local/Cellar/node/12.1.0/bin/node /Users/iPrincess/.yarn/bin/yarn.js install

PATH: 
  /Users/iPrincess/.yarn/bin:/Users/iPrincess/.config/yarn/global/node_modules/.bin:/Users/iPrincess/.rbenv/shims:/Users/iPrincess/.rbenv/bin:/Users/iPrincess/.npm-packages/bin:/Users/iPrincess/.npm/bin:/Users/iPrincess/bin:/usr/local/bin:/usr/local/bin:/usr/bin:/bin:/usr/sbin:/sbin:/usr/local/share/dotnet:~/.dotnet/tools:/Users/iPrincess/.rvm/bin

Yarn version: 
  1.15.2

Node version: 
  12.1.0

Platform: 
  darwin x64

Trace: 
  Error: https://registry.yarnpkg.com/autoprefixer-stylus: ETIMEDOUT
      at Timeout._onTimeout (/Users/iPrincess/.yarn/lib/cli.js:130201:19)
      at listOnTimeout (internal/timers.js:531:17)
      at processTimers (internal/timers.js:475:7)

npm manifest: 
  {
    "name": "cotd",
    "version": "0.0.3",
    "private": true,
    "devDependencies": {
      "concurrently": "3.5.1",
      "react-scripts": "^1.1.4"
    },
    "dependencies": {
      "autoprefixer-stylus": "0.14.0",
      "firebase": "^4.10.1",
      "prop-types": "^15.6.0",
      "re-base": "3.2.2",
      "react": "^16.3.0-alpha.1",
      "react-dom": "^16.3.0-alpha.1",
      "react-router-dom": "^4.2.2",
      "react-transition-group": "^2.2.1",
      "serve": "^6.5.8",
      "stylus": "0.54.5"
    },
    "scripts": {
      "start": "react-scripts start",
      "watch": "concurrently --names \"webpack, stylus\" --prefix name \"npm run start\" \"npm run styles:watch\"",
      "build": "react-scripts build",
      "eject": "react-scripts eject",
      "styles": "stylus -u autoprefixer-stylus ./src/css/style.styl -o ./src/css/style.css",
      "styles:watch": "stylus -u autoprefixer-stylus -w ./src/css/style.styl -o ./src/css/style.css"
    }
  }

yarn manifest: 
  No manifest

Lockfile: 
  No lockfile
